android/app/build/intermediates/manifest_merge_blame_file/debug/manifest-merger-blame-debug-report.txt
1<?xml version="1.0" encoding="utf-8"?>
2<manifest xmlns:android="http://schemas.android.com/apk/res/android"
3    package="gov.mosje.sih26095.debug"
4    android:versionCode="1"
5    android:versionName="1.0.0" >
6
7    <uses-sdk
8        android:minSdkVersion="26"
9        android:targetSdkVersion="34" />
10
11    <!-- Hardware Camera Permissions -->
12    <uses-permission android:name="android.permission.CAMERA" />
12-->src/main/AndroidManifest.xml:6:5-65
12-->src/main/AndroidManifest.xml:6:22-62
13
14    <uses-feature
14-->src/main/AndroidManifest.xml:7:5-85
15        android:name="android.hardware.camera"
15-->src/main/AndroidManifest.xml:7:19-57
16        android:required="false" />
16-->src/main/AndroidManifest.xml:7:58-82
17    <uses-feature
17-->src/main/AndroidManifest.xml:8:5-95
18        android:name="android.hardware.camera.autofocus"
18-->src/main/AndroidManifest.xml:8:19-67
19        android:required="false" />
19-->src/main/AndroidManifest.xml:8:68-92
20
21    <!-- Spatial GPS Geofencing Permissions -->
22    <uses-permission android:name="android.permission.ACCESS_FINE_LOCATION" />
22-->src/main/AndroidManifest.xml:11:5-79
22-->src/main/AndroidManifest.xml:11:22-76
23    <uses-permission android:name="android.permission.ACCESS_COARSE_LOCATION" />
23-->src/main/AndroidManifest.xml:12:5-81
23-->src/main/AndroidManifest.xml:12:22-78
24
25    <uses-feature
25-->src/main/AndroidManifest.xml:13:5-91
26        android:name="android.hardware.location.gps"
26-->src/main/AndroidManifest.xml:13:19-63
27        android:required="false" />
27-->src/main/AndroidManifest.xml:13:64-88
28
29    <!-- Network & Connectivity Permissions -->
30    <uses-permission android:name="android.permission.INTERNET" />
30-->src/main/AndroidManifest.xml:16:5-67
30-->src/main/AndroidManifest.xml:16:22-64
31    <uses-permission android:name="android.permission.ACCESS_NETWORK_STATE" />
31-->src/main/AndroidManifest.xml:17:5-79
31-->src/main/AndroidManifest.xml:17:22-76
32    <uses-permission
32-->src/main/AndroidManifest.xml:18:5-108
33        android:name="android.permission.WRITE_EXTERNAL_STORAGE"
33-->src/main/AndroidManifest.xml:18:22-78
34        android:maxSdkVersion="28" />
34-->src/main/AndroidManifest.xml:18:79-105
35
36    <permission
36-->[androidx.core:core:1.12.0] AndroidManifest.xml:22:5-24:47
37        android:name="gov.mosje.sih26095.debug.DYNAMIC_RECEIVER_NOT_EXPORTED_PERMISSION"
37-->[androidx.core:core:1.12.0] AndroidManifest.xml:23:9-81
38        android:protectionLevel="signature" />
38-->[androidx.core:core:1.12.0] AndroidManifest.xml:24:9-44
39
40    <uses-permission android:name="gov.mosje.sih26095.debug.DYNAMIC_RECEIVER_NOT_EXPORTED_PERMISSION" />
40-->[androidx.core:core:1.12.0] AndroidManifest.xml:26:5-97
40-->[androidx.core:core:1.12.0] AndroidManifest.xml:26:22-94
41
42    <application
42-->src/main/AndroidManifest.xml:20:5-71:19
43        android:name="gov.mosje.sih26095.DoSJEApplication"
43-->src/main/AndroidManifest.xml:21:9-41
44        android:allowBackup="false"
44-->src/main/AndroidManifest.xml:22:9-36
45        android:appComponentFactory="androidx.core.app.CoreComponentFactory"
45-->[androidx.core:core:1.12.0] AndroidManifest.xml:28:18-86
46        android:dataExtractionRules="@xml/file_paths"
46-->src/main/AndroidManifest.xml:23:9-54
47        android:debuggable="true"
48        android:extractNativeLibs="false"
49        android:icon="@mipmap/ic_launcher"
49-->src/main/AndroidManifest.xml:24:9-43
50        android:label="@string/app_name"
50-->src/main/AndroidManifest.xml:25:9-41
51        android:roundIcon="@mipmap/ic_launcher_round"
51-->src/main/AndroidManifest.xml:26:9-54
52        android:supportsRtl="true"
52-->src/main/AndroidManifest.xml:27:9-35
53        android:testOnly="true"
54        android:theme="@style/Theme.DoSJEInspector"
54-->src/main/AndroidManifest.xml:28:9-52
55        android:usesCleartextTraffic="true" >
55-->src/main/AndroidManifest.xml:29:9-44
56
57        <!-- FileProvider for Sharing Secure Camera URIs -->
58        <provider
58-->src/main/AndroidManifest.xml:33:9-41:20
59            android:name="androidx.core.content.FileProvider"
59-->src/main/AndroidManifest.xml:34:13-62
60            android:authorities="gov.mosje.sih26095.fileprovider"
60-->src/main/AndroidManifest.xml:35:13-66
61            android:exported="false"
61-->src/main/AndroidManifest.xml:36:13-37
62            android:grantUriPermissions="true" >
62-->src/main/AndroidManifest.xml:37:13-47
63            <meta-data
63-->src/main/AndroidManifest.xml:38:13-40:54
64                android:name="android.support.FILE_PROVIDER_PATHS"
64-->src/main/AndroidManifest.xml:39:17-67
65                android:resource="@xml/file_paths" />
65-->src/main/AndroidManifest.xml:40:17-51
66        </provider>
67
68        <!-- 1. Officer Login & Authentication Screen (Launcher) -->
69        <activity
69-->src/main/AndroidManifest.xml:44:9-54:20
70            android:name="gov.mosje.sih26095.ui.login.LoginActivity"
70-->src/main/AndroidManifest.xml:45:13-51
71            android:exported="true"
71-->src/main/AndroidManifest.xml:46:13-36
72            android:label="@string/app_name"
72-->src/main/AndroidManifest.xml:47:13-45
73            android:screenOrientation="portrait"
73-->src/main/AndroidManifest.xml:48:13-49
74            android:windowSoftInputMode="adjustResize" >
74-->src/main/AndroidManifest.xml:49:13-55
75            <intent-filter>
75-->src/main/AndroidManifest.xml:50:13-53:29
76                <action android:name="android.intent.action.MAIN" />
76-->src/main/AndroidManifest.xml:51:17-69
76-->src/main/AndroidManifest.xml:51:25-66
77
78                <category android:name="android.intent.category.LAUNCHER" />
78-->src/main/AndroidManifest.xml:52:17-77
78-->src/main/AndroidManifest.xml:52:27-74
79            </intent-filter>
80        </activity>
81
82        <!-- 2. Handheld Field Audit Portal -->
83        <activity
83-->src/main/AndroidManifest.xml:57:9-62:58
84            android:name="gov.mosje.sih26095.ui.audit.AuditActivity"
84-->src/main/AndroidManifest.xml:58:13-51
85            android:exported="false"
85-->src/main/AndroidManifest.xml:59:13-37
86            android:label="@string/title_activity_audit"
86-->src/main/AndroidManifest.xml:60:13-57
87            android:screenOrientation="portrait"
87-->src/main/AndroidManifest.xml:61:13-49
88            android:windowSoftInputMode="adjustResize" />
88-->src/main/AndroidManifest.xml:62:13-55
89
90        <!-- 3. Native Phone Camera Capture & Live Watermark Preview -->
91        <activity
91-->src/main/AndroidManifest.xml:65:9-69:52
92            android:name="gov.mosje.sih26095.camera.NativeCameraCaptureActivity"
92-->src/main/AndroidManifest.xml:66:13-63
93            android:exported="false"
93-->src/main/AndroidManifest.xml:67:13-37
94            android:label="@string/title_activity_camera"
94-->src/main/AndroidManifest.xml:68:13-58
95            android:screenOrientation="portrait" />
95-->src/main/AndroidManifest.xml:69:13-49
96
97        <service
97-->[androidx.camera:camera-camera2:1.3.1] AndroidManifest.xml:24:9-33:19
98            android:name="androidx.camera.core.impl.MetadataHolderService"
98-->[androidx.camera:camera-camera2:1.3.1] AndroidManifest.xml:25:13-75
99            android:enabled="false"
99-->[androidx.camera:camera-camera2:1.3.1] AndroidManifest.xml:26:13-36
100            android:exported="false" >
100-->[androidx.camera:camera-camera2:1.3.1] AndroidManifest.xml:27:13-37
101            <meta-data
101-->[androidx.camera:camera-camera2:1.3.1] AndroidManifest.xml:30:13-32:89
102                android:name="androidx.camera.core.impl.MetadataHolderService.DEFAULT_CONFIG_PROVIDER"
102-->[androidx.camera:camera-camera2:1.3.1] AndroidManifest.xml:31:17-103
103                android:value="androidx.camera.camera2.Camera2Config$DefaultProvider" />
103-->[androidx.camera:camera-camera2:1.3.1] AndroidManifest.xml:32:17-86
104        </service>
105
106        <activity
106-->[com.google.android.gms:play-services-base:18.1.0] AndroidManifest.xml:20:9-22:45
107            android:name="com.google.android.gms.common.api.GoogleApiActivity"
107-->[com.google.android.gms:play-services-base:18.1.0] AndroidManifest.xml:20:19-85
108            android:exported="false"
108-->[com.google.android.gms:play-services-base:18.1.0] AndroidManifest.xml:22:19-43
109            android:theme="@android:style/Theme.Translucent.NoTitleBar" />
109-->[com.google.android.gms:play-services-base:18.1.0] AndroidManifest.xml:21:19-78
110
111        <meta-data
111-->[com.google.android.gms:play-services-basement:18.1.0] AndroidManifest.xml:21:9-23:69
112            android:name="com.google.android.gms.version"
112-->[com.google.android.gms:play-services-basement:18.1.0] AndroidManifest.xml:22:13-58
113            android:value="@integer/google_play_services_version" />
113-->[com.google.android.gms:play-services-basement:18.1.0] AndroidManifest.xml:23:13-66
114
115        <provider
115-->[androidx.emoji2:emoji2:1.2.0] AndroidManifest.xml:24:9-32:20
116            android:name="androidx.startup.InitializationProvider"
116-->[androidx.emoji2:emoji2:1.2.0] AndroidManifest.xml:25:13-67
117            android:authorities="gov.mosje.sih26095.debug.androidx-startup"
117-->[androidx.emoji2:emoji2:1.2.0] AndroidManifest.xml:26:13-68
118            android:exported="false" >
118-->[androidx.emoji2:emoji2:1.2.0] AndroidManifest.xml:27:13-37
119            <meta-data
119-->[androidx.emoji2:emoji2:1.2.0] AndroidManifest.xml:29:13-31:52
120                android:name="androidx.emoji2.text.EmojiCompatInitializer"
120-->[androidx.emoji2:emoji2:1.2.0] AndroidManifest.xml:30:17-75
121                android:value="androidx.startup" />
121-->[androidx.emoji2:emoji2:1.2.0] AndroidManifest.xml:31:17-49
122            <meta-data
122-->[androidx.lifecycle:lifecycle-process:2.7.0] AndroidManifest.xml:29:13-31:52
123                android:name="androidx.lifecycle.ProcessLifecycleInitializer"
123-->[androidx.lifecycle:lifecycle-process:2.7.0] AndroidManifest.xml:30:17-78
124                android:value="androidx.startup" />
124-->[androidx.lifecycle:lifecycle-process:2.7.0] AndroidManifest.xml:31:17-49
125            <meta-data
125-->[androidx.profileinstaller:profileinstaller:1.3.0] AndroidManifest.xml:29:13-31:52
126                android:name="androidx.profileinstaller.ProfileInstallerInitializer"
126-->[androidx.profileinstaller:profileinstaller:1.3.0] AndroidManifest.xml:30:17-85
127                android:value="androidx.startup" />
127-->[androidx.profileinstaller:profileinstaller:1.3.0] AndroidManifest.xml:31:17-49
128        </provider>
129
130        <receiver
130-->[androidx.profileinstaller:profileinstaller:1.3.0] AndroidManifest.xml:34:9-52:20
131            android:name="androidx.profileinstaller.ProfileInstallReceiver"
131-->[androidx.profileinstaller:profileinstaller:1.3.0] AndroidManifest.xml:35:13-76
132            android:directBootAware="false"
132-->[androidx.profileinstaller:profileinstaller:1.3.0] AndroidManifest.xml:36:13-44
133            android:enabled="true"
133-->[androidx.profileinstaller:profileinstaller:1.3.0] AndroidManifest.xml:37:13-35
134            android:exported="true"
134-->[androidx.profileinstaller:profileinstaller:1.3.0] AndroidManifest.xml:38:13-36
135            android:permission="android.permission.DUMP" >
135-->[androidx.profileinstaller:profileinstaller:1.3.0] AndroidManifest.xml:39:13-57
136            <intent-filter>
136-->[androidx.profileinstaller:profileinstaller:1.3.0] AndroidManifest.xml:40:13-42:29
137                <action android:name="androidx.profileinstaller.action.INSTALL_PROFILE" />
137-->[androidx.profileinstaller:profileinstaller:1.3.0] AndroidManifest.xml:41:17-91
137-->[androidx.profileinstaller:profileinstaller:1.3.0] AndroidManifest.xml:41:25-88
138            </intent-filter>
139            <intent-filter>
139-->[androidx.profileinstaller:profileinstaller:1.3.0] AndroidManifest.xml:43:13-45:29
140                <action android:name="androidx.profileinstaller.action.SKIP_FILE" />
140-->[androidx.profileinstaller:profileinstaller:1.3.0] AndroidManifest.xml:44:17-85
140-->[androidx.profileinstaller:profileinstaller:1.3.0] AndroidManifest.xml:44:25-82
141            </intent-filter>
142            <intent-filter>
142-->[androidx.profileinstaller:profileinstaller:1.3.0] AndroidManifest.xml:46:13-48:29
143                <action android:name="androidx.profileinstaller.action.SAVE_PROFILE" />
143-->[androidx.profileinstaller:profileinstaller:1.3.0] AndroidManifest.xml:47:17-88
143-->[androidx.profileinstaller:profileinstaller:1.3.0] AndroidManifest.xml:47:25-85
144            </intent-filter>
145            <intent-filter>
145-->[androidx.profileinstaller:profileinstaller:1.3.0] AndroidManifest.xml:49:13-51:29
146                <action android:name="androidx.profileinstaller.action.BENCHMARK_OPERATION" />
146-->[androidx.profileinstaller:profileinstaller:1.3.0] AndroidManifest.xml:50:17-95
146-->[androidx.profileinstaller:profileinstaller:1.3.0] AndroidManifest.xml:50:25-92
147            </intent-filter>
148        </receiver>
149    </application>
150
151</manifest>